Attribute Qt::AA_EnableHighDpiScaling must be set before QCoreApplication is created.
MPV failed with returncode 1.
MPV start failed.
Traceback (most recent call last):
  File "syncplay/vendor/python_mpv_jsonipc/python_mpv_jsonipc.pyc", line 463, in _start_mpv
  File "syncplay/vendor/python_mpv_jsonipc/python_mpv_jsonipc.pyc", line 218, in __init__
  File "syncplay/vendor/python_mpv_jsonipc/python_mpv_jsonipc.pyc", line 239, in _start_process
syncplay.vendor.python_mpv_jsonipc.python_mpv_jsonipc.MPVError: MPV not started.
MPV failed with returncode 1.
MPV start failed.
Traceback (most recent call last):
  File "syncplay/vendor/python_mpv_jsonipc/python_mpv_jsonipc.pyc", line 463, in _start_mpv
  File "syncplay/vendor/python_mpv_jsonipc/python_mpv_jsonipc.pyc", line 218, in __init__
  File "syncplay/vendor/python_mpv_jsonipc/python_mpv_jsonipc.pyc", line 239, in _start_process
syncplay.vendor.python_mpv_jsonipc.python_mpv_jsonipc.MPVError: MPV not started.
MPV failed with returncode 1.
MPV start failed.
Traceback (most recent call last):
  File "syncplay/vendor/python_mpv_jsonipc/python_mpv_jsonipc.pyc", line 463, in _start_mpv
  File "syncplay/vendor/python_mpv_jsonipc/python_mpv_jsonipc.pyc", line 218, in __init__
  File "syncplay/vendor/python_mpv_jsonipc/python_mpv_jsonipc.pyc", line 239, in _start_process
syncplay.vendor.python_mpv_jsonipc.python_mpv_jsonipc.MPVError: MPV not started.
Attribute Qt::AA_EnableHighDpiScaling must be set before QCoreApplication is created.
MPV failed with returncode 1.
MPV start failed.
Traceback (most recent call last):
  File "syncplay/vendor/python_mpv_jsonipc/python_mpv_jsonipc.pyc", line 463, in _start_mpv
  File "syncplay/vendor/python_mpv_jsonipc/python_mpv_jsonipc.pyc", line 218, in __init__
  File "syncplay/vendor/python_mpv_jsonipc/python_mpv_jsonipc.pyc", line 239, in _start_process
syncplay.vendor.python_mpv_jsonipc.python_mpv_jsonipc.MPVError: MPV not started.
MPV failed with returncode 1.
MPV start failed.
Traceback (most recent call last):
  File "syncplay/vendor/python_mpv_jsonipc/python_mpv_jsonipc.pyc", line 463, in _start_mpv
  File "syncplay/vendor/python_mpv_jsonipc/python_mpv_jsonipc.pyc", line 218, in __init__
  File "syncplay/vendor/python_mpv_jsonipc/python_mpv_jsonipc.pyc", line 239, in _start_process
syncplay.vendor.python_mpv_jsonipc.python_mpv_jsonipc.MPVError: MPV not started.
MPV failed with returncode 1.
MPV start failed.
Traceback (most recent call last):
  File "syncplay/vendor/python_mpv_jsonipc/python_mpv_jsonipc.pyc", line 463, in _start_mpv
  File "syncplay/vendor/python_mpv_jsonipc/python_mpv_jsonipc.pyc", line 218, in __init__
  File "syncplay/vendor/python_mpv_jsonipc/python_mpv_jsonipc.pyc", line 239, in _start_process
syncplay.vendor.python_mpv_jsonipc.python_mpv_jsonipc.MPVError: MPV not started.
Attribute Qt::AA_EnableHighDpiScaling must be set before QCoreApplication is created.
2022-02-07 17:47:13.454 mpv[27774:191693127] Warning: Expected min height of view: (<NSButton: 0x7fc211a7e790>) to be less than or equal to 30 but got a height of 32.000000. This error will be logged once per view in violation.
2022-02-07 17:47:13.455 mpv[27774:191693127] Warning: Expected min height of view: (<NSButton: 0x7fc2118585b0>) to be less than or equal to 30 but got a height of 32.000000. This error will be logged once per view in violation.
2022-02-07 17:47:13.455 mpv[27774:191693127] Warning: Expected min height of view: (<NSButton: 0x7fc21185b4e0>) to be less than or equal to 30 but got a height of 32.000000. This error will be logged once per view in violation.
Attribute Qt::AA_EnableHighDpiScaling must be set before QCoreApplication is created.
Attribute Qt::AA_EnableHighDpiScaling must be set before QCoreApplication is created.
Attribute Qt::AA_EnableHighDpiScaling must be set before QCoreApplication is created.
2022-02-07 17:49:30.940 mpv[28129:191696205] Warning: Expected min height of view: (<NSButton: 0x7fa936766ea0>) to be less than or equal to 30 but got a height of 32.000000. This error will be logged once per view in violation.
2022-02-07 17:49:30.940 mpv[28129:191696205] Warning: Expected min height of view: (<NSButton: 0x7fa93724fa10>) to be less than or equal to 30 but got a height of 32.000000. This error will be logged once per view in violation.
2022-02-07 17:49:30.941 mpv[28129:191696205] Warning: Expected min height of view: (<NSButton: 0x7fa9372528e0>) to be less than or equal to 30 but got a height of 32.000000. This error will be logged once per view in violation.
Attribute Qt::AA_EnableHighDpiScaling must be set before QCoreApplication is created.
2022-02-07 17:49:57.697 mpv[28232:191697297] Warning: Expected min height of view: (<NSButton: 0x7faa8e968ba0>) to be less than or equal to 30 but got a height of 32.000000. This error will be logged once per view in violation.
2022-02-07 17:49:57.698 mpv[28232:191697297] Warning: Expected min height of view: (<NSButton: 0x7faa8e8bb5e0>) to be less than or equal to 30 but got a height of 32.000000. This error will be logged once per view in violation.
2022-02-07 17:49:57.698 mpv[28232:191697297] Warning: Expected min height of view: (<NSButton: 0x7faa8e8be3e0>) to be less than or equal to 30 but got a height of 32.000000. This error will be logged once per view in violation.
[17:52:06] Attempting to connect to syncplay.pl:8996
[17:52:06] Attempting secure connection
[17:52:06] Successfully reached syncplay.pl (151.80.32.178)
2022-02-07 17:52:06.411 mpv[28466:191700269] Warning: Expected min height of view: (<NSButton: 0x7fbef875dc50>) to be less than or equal to 30 but got a height of 32.000000. This error will be logged once per view in violation.
2022-02-07 17:52:06.412 mpv[28466:191700269] Warning: Expected min height of view: (<NSButton: 0x7fbef8463560>) to be less than or equal to 30 but got a height of 32.000000. This error will be logged once per view in violation.
2022-02-07 17:52:06.413 mpv[28466:191700269] Warning: Expected min height of view: (<NSButton: 0x7fbef8466430>) to be less than or equal to 30 but got a height of 32.000000. This error will be logged once per view in violation.
[17:52:06] Secure connection established (TLSv1.3)

Hello chokerman,

The Syncplay latest is available from http://syncplay.pl/


[17:52:06] Successfully connected to server
[17:52:07] chokerman is playing 'https://vidstreamingcdn.com/cdn3/17f52abb97d00eae7426ac7e42d2af87/EP.3.v1.1639636124.1080p.mp4?mac=oNMkcTfw0%2BLvumhb5vJhL2KieanKjDrnG%2F3BwTr9Bos%3D&vip=185.168.9.58&expiry=1644259925205' (23:56) in room: 'ilm_room'
In room 'ilm_room':
(Ready) *<chokerman>* is playing:
    File: 'https://vidstreamingcdn.com/cdn3/17f52abb97d00eae7426ac7e42d2af87/EP.3.v1.1639636124.1080p.mp4?mac=oNMkcTfw0%2BLvumhb5vJhL2KieanKjDrnG%2F3BwTr9Bos%3D&vip=185.168.9.58&expiry=1644259925205' (23:56)
[17:52:09] chokerman unpaused
[17:52:10] You're alone in the room
[17:52:17] chokerman jumped from 00:02 to 03:55
[17:52:37] Connection with server lost, attempting to reconnect
nohup: syncplay: No such file or directory
[17:54:57] Attempting to connect to syncplay.pl:8996
[17:54:57] Attempting secure connection
[17:54:57] Successfully reached syncplay.pl (151.80.32.178)
2022-02-07 17:54:58.058 mpv[28749:191703898] Warning: Expected min height of view: (<NSButton: 0x7f8c460ae9e0>) to be less than or equal to 30 but got a height of 32.000000. This error will be logged once per view in violation.
2022-02-07 17:54:58.059 mpv[28749:191703898] Warning: Expected min height of view: (<NSButton: 0x7f8c45457900>) to be less than or equal to 30 but got a height of 32.000000. This error will be logged once per view in violation.
2022-02-07 17:54:58.059 mpv[28749:191703898] Warning: Expected min height of view: (<NSButton: 0x7f8c4545a7e0>) to be less than or equal to 30 but got a height of 32.000000. This error will be logged once per view in violation.
[17:54:58] Secure connection established (TLSv1.3)

Hello chokerman,

The Syncplay latest is available from http://syncplay.pl/


[17:54:58] Successfully connected to server
[17:54:59] chokerman is playing 'https://vidstreamingcdn.com/cdn21/619b832af8f16a88ca1397c2d4b2c846/EP.28.v1.1639233349.1080p.mp4?mac=dF53MlYh8rYLPESOTBYBP3zyiwWdyHKd2po0t7yqLxU%3D&vip=185.168.9.58&expiry=1644260097091' (22:40) in room: 'ilm_room'
In room 'ilm_room':
(Ready) *<chokerman>* is playing:
    File: 'https://vidstreamingcdn.com/cdn21/619b832af8f16a88ca1397c2d4b2c846/EP.28.v1.1639233349.1080p.mp4?mac=dF53MlYh8rYLPESOTBYBP3zyiwWdyHKd2po0t7yqLxU%3D&vip=185.168.9.58&expiry=1644260097091' (22:40)
[17:55:00] chokerman unpaused
[17:55:00] You're alone in the room
[17:55:03] chokerman paused
[17:55:03] Connection with server lost, attempting to reconnect
